<?xml version="1.0" encoding="UTF-8"?>
<!-- Generated by org.testng.reporters.JUnitXMLReporter -->
<testsuite ignored="0" hostname="LAPTOP-1S9JIMTU" failures="0" tests="3" name="Test" time="66.753" errors="0" timestamp="2023-01-24T11:12:24 IST">
  <testcase classname="com.Skillrary.CourseAdd.AddingCourseToCart" name="addingCourseToCartTest" time="6.484"/>
  <testcase classname="com.Skillrary.Facebook.FacebookCreateAccount" name="facebookCreateAccountTest" time="9.816"/>
  <testcase classname="com.Skillrary.ShareTwitter.ShareViaTwitter" name="shareViaTwitterTest" time="29.928"/>
</testsuite> <!-- Test -->
