<?xml version="1.0" encoding="UTF-8"?>
<testng-results ignored="0" total="3" passed="3" failed="0" skipped="0">
  <reporter-output>
    <line>
      <![CDATA[Page Name is Displayed,Pass]]>
    </line>
    <line>
      <![CDATA[Page Name is Displayed,Pass]]>
    </line>
    <line>
      <![CDATA[Page Name is Displayed,Pass]]>
    </line>
    <line>
      <![CDATA[Page Name is Displayed,Pass]]>
    </line>
  </reporter-output>
  <suite started-at="2023-01-24T11:11:17 IST" name="Suite" finished-at="2023-01-24T11:12:24 IST" duration-ms="66753">
    <groups>
    </groups>
    <test started-at="2023-01-24T11:11:17 IST" name="Test" finished-at="2023-01-24T11:12:24 IST" duration-ms="66753">
      <class name="com.Skillrary.ShareTwitter.ShareViaTwitter">
        <test-method is-config="true" signature="openBrowser()[pri:0, instance:com.Skillrary.ShareTwitter.ShareViaTwitter@76a4ebf2]" started-at="2023-01-24T11:11:49 IST" name="openBrowser" finished-at="2023-01-24T11:11:53 IST" duration-ms="4041" status="PASS">
          <reporter-output>
            <line>
              <![CDATA[Page Name is Displayed,Pass]]>
            </line>
          </reporter-output>
        </test-method> <!-- openBrowser -->
        <test-method signature="shareViaTwitterTest()[pri:0, instance:com.Skillrary.ShareTwitter.ShareViaTwitter@76a4ebf2]" started-at="2023-01-24T11:11:53 IST" name="shareViaTwitterTest" finished-at="2023-01-24T11:12:23 IST" duration-ms="29928" status="PASS">
          <reporter-output>
            <line>
              <![CDATA[Page Name is Displayed,Pass]]>
            </line>
          </reporter-output>
        </test-method> <!-- shareViaTwitterTest -->
        <test-method is-config="true" signature="closeBrowser()[pri:0, instance:com.Skillrary.ShareTwitter.ShareViaTwitter@76a4ebf2]" started-at="2023-01-24T11:12:23 IST" name="closeBrowser" finished-at="2023-01-24T11:12:24 IST" duration-ms="238" status="PASS">
          <reporter-output>
          </reporter-output>
        </test-method> <!-- closeBrowser -->
      </class> <!-- com.Skillrary.ShareTwitter.ShareViaTwitter -->
      <class name="com.Skillrary.Facebook.FacebookCreateAccount">
        <test-method is-config="true" signature="openBrowser()[pri:0, instance:com.Skillrary.Facebook.FacebookCreateAccount@6e6f2380]" started-at="2023-01-24T11:11:33 IST" name="openBrowser" finished-at="2023-01-24T11:11:39 IST" duration-ms="6330" status="PASS">
          <reporter-output>
            <line>
              <![CDATA[Page Name is Displayed,Pass]]>
            </line>
          </reporter-output>
        </test-method> <!-- openBrowser -->
        <test-method signature="facebookCreateAccountTest()[pri:0, instance:com.Skillrary.Facebook.FacebookCreateAccount@6e6f2380]" started-at="2023-01-24T11:11:39 IST" name="facebookCreateAccountTest" finished-at="2023-01-24T11:11:49 IST" duration-ms="9816" status="PASS">
          <reporter-output>
          </reporter-output>
        </test-method> <!-- facebookCreateAccountTest -->
        <test-method is-config="true" signature="closeBrowser()[pri:0, instance:com.Skillrary.Facebook.FacebookCreateAccount@6e6f2380]" started-at="2023-01-24T11:11:49 IST" name="closeBrowser" finished-at="2023-01-24T11:11:49 IST" duration-ms="243" status="PASS">
          <reporter-output>
          </reporter-output>
        </test-method> <!-- closeBrowser -->
      </class> <!-- com.Skillrary.Facebook.FacebookCreateAccount -->
      <class name="com.Skillrary.CourseAdd.AddingCourseToCart">
        <test-method is-config="true" signature="openBrowser()[pri:0, instance:com.Skillrary.CourseAdd.AddingCourseToCart@2d52216b]" started-at="2023-01-24T11:11:17 IST" name="openBrowser" finished-at="2023-01-24T11:11:26 IST" duration-ms="9312" status="PASS">
          <reporter-output>
            <line>
              <![CDATA[Page Name is Displayed,Pass]]>
            </line>
          </reporter-output>
        </test-method> <!-- openBrowser -->
        <test-method signature="addingCourseToCartTest()[pri:0, instance:com.Skillrary.CourseAdd.AddingCourseToCart@2d52216b]" started-at="2023-01-24T11:11:26 IST" name="addingCourseToCartTest" finished-at="2023-01-24T11:11:33 IST" duration-ms="6484" status="PASS">
          <reporter-output>
          </reporter-output>
        </test-method> <!-- addingCourseToCartTest -->
        <test-method is-config="true" signature="closeBrowser()[pri:0, instance:com.Skillrary.CourseAdd.AddingCourseToCart@2d52216b]" started-at="2023-01-24T11:11:33 IST" name="closeBrowser" finished-at="2023-01-24T11:11:33 IST" duration-ms="299" status="PASS">
          <reporter-output>
          </reporter-output>
        </test-method> <!-- closeBrowser -->
      </class> <!-- com.Skillrary.CourseAdd.AddingCourseToCart -->
    </test> <!-- Test -->
  </suite> <!-- Suite -->
</testng-results>
